e:\myvscppwordspace\example\urbanfloatinglifedemo\urbanfloatinglifedemo\x64\debug\vc143.pdb
e:\myvscppwordspace\example\urbanfloatinglifedemo\urbanfloatinglifedemo\x64\debug\vc143.idb
e:\myvscppwordspace\example\urbanfloatinglifedemo\urbanfloatinglifedemo\x64\debug\viewer.obj
e:\myvscppwordspace\example\urbanfloatinglifedemo\urbanfloatinglifedemo\x64\debug\stationview.obj
e:\myvscppwordspace\example\urbanfloatinglifedemo\urbanfloatinglifedemo\x64\debug\station.obj
e:\myvscppwordspace\example\urbanfloatinglifedemo\urbanfloatinglifedemo\x64\debug\randomutil.obj
e:\myvscppwordspace\example\urbanfloatinglifedemo\urbanfloatinglifedemo\x64\debug\message.obj
e:\myvscppwordspace\example\urbanfloatinglifedemo\urbanfloatinglifedemo\x64\debug\gameworld.obj
e:\myvscppwordspace\example\urbanfloatinglifedemo\urbanfloatinglifedemo\x64\debug\gamerole.obj
e:\myvscppwordspace\example\urbanfloatinglifedemo\urbanfloatinglifedemo\x64\debug\gameplace.obj
e:\myvscppwordspace\example\urbanfloatinglifedemo\urbanfloatinglifedemo\x64\debug\gamemainview.obj
e:\myvscppwordspace\example\urbanfloatinglifedemo\urbanfloatinglifedemo\x64\debug\gameinfoview.obj
e:\myvscppwordspace\example\urbanfloatinglifedemo\urbanfloatinglifedemo\x64\debug\gamegoods.obj
e:\myvscppwordspace\example\urbanfloatinglifedemo\urbanfloatinglifedemo\x64\debug\gamecore.obj
e:\myvscppwordspace\example\urbanfloatinglifedemo\urbanfloatinglifedemo\x64\debug\gamecontroller.obj
e:\myvscppwordspace\example\urbanfloatinglifedemo\urbanfloatinglifedemo\x64\debug\eventcontroller.obj
e:\myvscppwordspace\example\urbanfloatinglifedemo\urbanfloatinglifedemo\x64\debug\blackmarket.obj
e:\myvscppwordspace\example\urbanfloatinglifedemo\urbanfloatinglifedemo\x64\debug\urbanfloatinglifedemo.obj
e:\myvscppwordspace\example\urbanfloatinglifedemo\urbanfloatinglifedemo\x64\debug\soundcontroller.obj
e:\myvscppwordspace\example\urbanfloatinglifedemo\x64\debug\urbanfloatinglifedemo.pdb
e:\myvscppwordspace\example\urbanfloatinglifedemo\urbanfloatinglifedemo\x64\debug\urbanflo.0341580b.tlog\cl.command.1.tlog
e:\myvscppwordspace\example\urbanfloatinglifedemo\urbanfloatinglifedemo\x64\debug\urbanflo.0341580b.tlog\cl.read.1.tlog
e:\myvscppwordspace\example\urbanfloatinglifedemo\urbanfloatinglifedemo\x64\debug\urbanflo.0341580b.tlog\cl.write.1.tlog
e:\myvscppwordspace\example\urbanfloatinglifedemo\urbanfloatinglifedemo\x64\debug\urbanflo.0341580b.tlog\link-cvtres.read.1.tlog
e:\myvscppwordspace\example\urbanfloatinglifedemo\urbanfloatinglifedemo\x64\debug\urbanflo.0341580b.tlog\link-cvtres.write.1.tlog
e:\myvscppwordspace\example\urbanfloatinglifedemo\urbanfloatinglifedemo\x64\debug\urbanflo.0341580b.tlog\link-rc.read.1.tlog
e:\myvscppwordspace\example\urbanfloatinglifedemo\urbanfloatinglifedemo\x64\debug\urbanflo.0341580b.tlog\link-rc.write.1.tlog
e:\myvscppwordspace\example\urbanfloatinglifedemo\urbanfloatinglifedemo\x64\debug\urbanflo.0341580b.tlog\link.command.1.tlog
e:\myvscppwordspace\example\urbanfloatinglifedemo\urbanfloatinglifedemo\x64\debug\urbanflo.0341580b.tlog\link.read.1.tlog
e:\myvscppwordspace\example\urbanfloatinglifedemo\urbanfloatinglifedemo\x64\debug\urbanflo.0341580b.tlog\link.read.2.tlog
e:\myvscppwordspace\example\urbanfloatinglifedemo\urbanfloatinglifedemo\x64\debug\urbanflo.0341580b.tlog\link.read.3.tlog
e:\myvscppwordspace\example\urbanfloatinglifedemo\urbanfloatinglifedemo\x64\debug\urbanflo.0341580b.tlog\link.write.1.tlog
